build/app/intermediates/manifest_merge_blame_file/debug/manifest-merger-blame-debug-report.txt
1<?xml version="1.0" encoding="utf-8"?>
2<manifest xmlns:android="http://schemas.android.com/apk/res/android"
3    package="com.jocom.jocom"
4    android:versionCode="3023"
5    android:versionName="2.10.4" >
6
7    <uses-sdk
8        android:minSdkVersion="21"
9        android:targetSdkVersion="31" />
10    <!--
11         Flutter needs it to communicate with the running application
12         to allow setting breakpoints, to provide hot reload, etc.
13    -->
14    <uses-permission android:name="android.permission.INTERNET" />
14-->src\main\AndroidManifest.xml:4:5-67
14-->src\main\AndroidManifest.xml:4:22-64
15    <uses-permission android:name="android.permission.ACCESS_FINE_LOCATION" />
15-->src\main\AndroidManifest.xml:5:5-79
15-->src\main\AndroidManifest.xml:5:22-76
16    <uses-permission android:name="android.permission.ACCESS_COARSE_LOCATION" />
16-->src\main\AndroidManifest.xml:6:5-81
16-->src\main\AndroidManifest.xml:6:22-78
17    <uses-permission android:name="android.permission.ACCESS_NETWORK_STATE" />
17-->src\main\AndroidManifest.xml:7:5-79
17-->src\main\AndroidManifest.xml:7:22-76
18    <uses-permission android:name="android.permission.QUERY_ALL_PACKAGES" />
18-->src\main\AndroidManifest.xml:8:5-77
18-->src\main\AndroidManifest.xml:8:22-74
19    <uses-permission android:name="android.permission.WAKE_LOCK" />
19-->src\main\AndroidManifest.xml:9:5-68
19-->src\main\AndroidManifest.xml:9:22-65
20    <uses-permission android:name="android.permission.FOREGROUND_SERVICE" /> <!-- Use for take photo feature -->
20-->src\main\AndroidManifest.xml:10:5-77
20-->src\main\AndroidManifest.xml:10:22-74
21    <uses-permission android:name="android.permission.CAMERA" />
21-->src\main\AndroidManifest.xml:14:5-65
21-->src\main\AndroidManifest.xml:14:22-62
22    <uses-permission android:name="android.permission.RECEIVE_BOOT_COMPLETED" />
22-->[:flutter_local_notifications] AndroidManifest.xml:7:5-81
22-->[:flutter_local_notifications] AndroidManifest.xml:7:22-78
23    <uses-permission android:name="android.permission.VIBRATE" />
23-->[:flutter_local_notifications] AndroidManifest.xml:8:5-66
23-->[:flutter_local_notifications] AndroidManifest.xml:8:22-63
24    <uses-permission android:name="android.permission.USE_FULL_SCREEN_INTENT" />
24-->[:flutter_local_notifications] AndroidManifest.xml:9:5-81
24-->[:flutter_local_notifications] AndroidManifest.xml:9:22-78
25    <uses-permission android:name="android.permission.SCHEDULE_EXACT_ALARM" />
25-->[:flutter_local_notifications] AndroidManifest.xml:10:5-79
25-->[:flutter_local_notifications] AndroidManifest.xml:10:22-76
26    <uses-permission android:name="android.permission.READ_EXTERNAL_STORAGE" />
26-->[:file_picker] AndroidManifest.xml:7:5-80
26-->[:file_picker] AndroidManifest.xml:7:22-77
27
28    <queries>
28-->[:file_picker] AndroidManifest.xml:9:5-15:15
29        <intent>
29-->[:file_picker] AndroidManifest.xml:10:9-14:18
30            <action android:name="android.intent.action.GET_CONTENT" />
30-->[:file_picker] AndroidManifest.xml:11:13-72
30-->[:file_picker] AndroidManifest.xml:11:21-69
31
32            <data android:mimeType="*/*" />
32-->[:file_picker] AndroidManifest.xml:13:13-44
32-->[:file_picker] AndroidManifest.xml:13:19-41
33        </intent>
34        <intent>
34-->[:flutter_inappwebview] AndroidManifest.xml:8:9-10:18
35            <action android:name="android.support.customtabs.action.CustomTabsService" />
35-->[:flutter_inappwebview] AndroidManifest.xml:9:13-90
35-->[:flutter_inappwebview] AndroidManifest.xml:9:21-87
36        </intent> <!-- Specific apps you interact with, eg: -->
37        <package android:name="com.paytm.pgsdk.TransactionManager.PAYTM_APP_PACKAGE" />
37-->[com.paytm.appinvokesdk:appinvokesdk:1.6.8] AndroidManifest.xml:12:9-88
37-->[com.paytm.appinvokesdk:appinvokesdk:1.6.8] AndroidManifest.xml:12:18-85
38        <!--
39             Specific intents you query for,
40             eg: for a custom share UI
41        -->
42        <intent>
42-->[com.paytm.appinvokesdk:appinvokesdk:1.6.8] AndroidManifest.xml:17:9-19:18
43            <action android:name="android.intent.action.MAIN" />
43-->[com.razorpay:checkout:1.6.15] AndroidManifest.xml:23:17-69
43-->[com.razorpay:checkout:1.6.15] AndroidManifest.xml:23:25-66
44        </intent> <!-- For browser content -->
45        <intent>
45-->[com.google.android.gms:play-services-ads-lite:20.4.0] AndroidManifest.xml:31:9-37:18
46            <action android:name="android.intent.action.VIEW" />
46-->[com.onesignal:OneSignal:4.6.6] AndroidManifest.xml:76:17-69
46-->[com.onesignal:OneSignal:4.6.6] AndroidManifest.xml:76:25-66
47
48            <category android:name="android.intent.category.BROWSABLE" />
48-->[com.google.firebase:firebase-auth:21.0.1] AndroidManifest.xml:37:17-78
48-->[com.google.firebase:firebase-auth:21.0.1] AndroidManifest.xml:37:27-75
49
50            <data android:scheme="https" />
50-->[:file_picker] AndroidManifest.xml:13:13-44
51        </intent>
52    </queries> <!-- Create a unique permission for your app and use it so only your app can receive your OneSignal messages. -->
53    <permission
53-->[com.onesignal:OneSignal:4.6.6] AndroidManifest.xml:7:5-9:47
54        android:name="com.jocom.jocom.permission.C2D_MESSAGE"
54-->[com.onesignal:OneSignal:4.6.6] AndroidManifest.xml:8:9-63
55        android:protectionLevel="signature" />
55-->[com.onesignal:OneSignal:4.6.6] AndroidManifest.xml:9:9-44
56
57    <uses-permission android:name="com.jocom.jocom.permission.C2D_MESSAGE" /> <!-- c2dm RECEIVE are basic requirements for push messages through Google's FCM -->
57-->[com.onesignal:OneSignal:4.6.6] AndroidManifest.xml:11:5-79
57-->[com.onesignal:OneSignal:4.6.6] AndroidManifest.xml:11:22-76
58    <uses-permission android:name="com.google.android.c2dm.permission.RECEIVE" /> <!-- START: ShortcutBadger -->
58-->[com.onesignal:OneSignal:4.6.6] AndroidManifest.xml:17:5-82
58-->[com.onesignal:OneSignal:4.6.6] AndroidManifest.xml:17:22-79
59    <!-- Samsung -->
60    <uses-permission android:name="com.sec.android.provider.badge.permission.READ" />
60-->[com.onesignal:OneSignal:4.6.6] AndroidManifest.xml:31:5-86
60-->[com.onesignal:OneSignal:4.6.6] AndroidManifest.xml:31:22-83
61    <uses-permission android:name="com.sec.android.provider.badge.permission.WRITE" /> <!-- HTC -->
61-->[com.onesignal:OneSignal:4.6.6] AndroidManifest.xml:32:5-87
61-->[com.onesignal:OneSignal:4.6.6] AndroidManifest.xml:32:22-84
62    <uses-permission android:name="com.htc.launcher.permission.READ_SETTINGS" />
62-->[com.onesignal:OneSignal:4.6.6] AndroidManifest.xml:33:5-81
62-->[com.onesignal:OneSignal:4.6.6] AndroidManifest.xml:33:22-78
63    <uses-permission android:name="com.htc.launcher.permission.UPDATE_SHORTCUT" /> <!-- Sony -->
63-->[com.onesignal:OneSignal:4.6.6] AndroidManifest.xml:34:5-83
63-->[com.onesignal:OneSignal:4.6.6] AndroidManifest.xml:34:22-80
64    <uses-permission android:name="com.sonyericsson.home.permission.BROADCAST_BADGE" />
64-->[com.onesignal:OneSignal:4.6.6] AndroidManifest.xml:35:5-88
64-->[com.onesignal:OneSignal:4.6.6] AndroidManifest.xml:35:22-85
65    <uses-permission android:name="com.sonymobile.home.permission.PROVIDER_INSERT_BADGE" /> <!-- Apex -->
65-->[com.onesignal:OneSignal:4.6.6] AndroidManifest.xml:36:5-92
65-->[com.onesignal:OneSignal:4.6.6] AndroidManifest.xml:36:22-89
66    <uses-permission android:name="com.anddoes.launcher.permission.UPDATE_COUNT" /> <!-- Solid -->
66-->[com.onesignal:OneSignal:4.6.6] AndroidManifest.xml:37:5-84
66-->[com.onesignal:OneSignal:4.6.6] AndroidManifest.xml:37:22-81
67    <uses-permission android:name="com.majeur.launcher.permission.UPDATE_BADGE" /> <!-- Huawei -->
67-->[com.onesignal:OneSignal:4.6.6] AndroidManifest.xml:38:5-83
67-->[com.onesignal:OneSignal:4.6.6] AndroidManifest.xml:38:22-80
68    <uses-permission android:name="com.huawei.android.launcher.permission.CHANGE_BADGE" />
68-->[com.onesignal:OneSignal:4.6.6] AndroidManifest.xml:39:5-91
68-->[com.onesignal:OneSignal:4.6.6] AndroidManifest.xml:39:22-88
69    <uses-permission android:name="com.huawei.android.launcher.permission.READ_SETTINGS" />
69-->[com.onesignal:OneSignal:4.6.6] AndroidManifest.xml:40:5-92
69-->[com.onesignal:OneSignal:4.6.6] AndroidManifest.xml:40:22-89
70    <uses-permission android:name="com.huawei.android.launcher.permission.WRITE_SETTINGS" /> <!-- ZUK -->
70-->[com.onesignal:OneSignal:4.6.6] AndroidManifest.xml:41:5-93
70-->[com.onesignal:OneSignal:4.6.6] AndroidManifest.xml:41:22-90
71    <uses-permission android:name="android.permission.READ_APP_BADGE" /> <!-- OPPO -->
71-->[com.onesignal:OneSignal:4.6.6] AndroidManifest.xml:42:5-73
71-->[com.onesignal:OneSignal:4.6.6] AndroidManifest.xml:42:22-70
72    <uses-permission android:name="com.oppo.launcher.permission.READ_SETTINGS" />
72-->[com.onesignal:OneSignal:4.6.6] AndroidManifest.xml:43:5-82
72-->[com.onesignal:OneSignal:4.6.6] AndroidManifest.xml:43:22-79
73    <uses-permission android:name="com.oppo.launcher.permission.WRITE_SETTINGS" /> <!-- EvMe -->
73-->[com.onesignal:OneSignal:4.6.6] AndroidManifest.xml:44:5-83
73-->[com.onesignal:OneSignal:4.6.6] AndroidManifest.xml:44:22-80
74    <uses-permission android:name="me.everything.badger.permission.BADGE_COUNT_READ" />
74-->[com.onesignal:OneSignal:4.6.6] AndroidManifest.xml:45:5-88
74-->[com.onesignal:OneSignal:4.6.6] AndroidManifest.xml:45:22-85
75    <uses-permission android:name="me.everything.badger.permission.BADGE_COUNT_WRITE" />
75-->[com.onesignal:OneSignal:4.6.6] AndroidManifest.xml:46:5-89
75-->[com.onesignal:OneSignal:4.6.6] AndroidManifest.xml:46:22-86
76    <uses-permission android:name="android.permission.READ_PHONE_STATE" />
76-->[com.paytm.easypay:easypay-appinvoke:1.7.4] AndroidManifest.xml:10:5-75
76-->[com.paytm.easypay:easypay-appinvoke:1.7.4] AndroidManifest.xml:10:22-72
77    <uses-permission android:name="com.google.android.gms.permission.AD_ID" />
77-->[com.facebook.android:facebook-core:13.0.0] AndroidManifest.xml:28:5-79
77-->[com.facebook.android:facebook-core:13.0.0] AndroidManifest.xml:28:22-76
78
79    <uses-feature
79-->[com.google.android.gms:play-services-maps:17.0.0] AndroidManifest.xml:26:5-28:35
80        android:glEsVersion="0x00020000"
80-->[com.google.android.gms:play-services-maps:17.0.0] AndroidManifest.xml:27:9-41
81        android:required="true" />
81-->[com.google.android.gms:play-services-maps:17.0.0] AndroidManifest.xml:28:9-32
82
83    <uses-permission android:name="com.google.android.finsky.permission.BIND_GET_INSTALL_REFERRER_SERVICE" /> <!-- Don't require camera, as this requires a rear camera. This allows it to work on the Nexus 7 -->
83-->[com.google.android.gms:play-services-measurement:20.0.2] AndroidManifest.xml:26:5-110
83-->[com.google.android.gms:play-services-measurement:20.0.2] AndroidManifest.xml:26:22-107
84    <uses-feature
84-->[com.journeyapps:zxing-android-embedded:4.3.0] AndroidManifest.xml:25:5-27:36
85        android:name="android.hardware.camera"
85-->[com.journeyapps:zxing-android-embedded:4.3.0] AndroidManifest.xml:26:9-47
86        android:required="false" />
86-->[com.journeyapps:zxing-android-embedded:4.3.0] AndroidManifest.xml:27:9-33
87    <uses-feature
87-->[com.journeyapps:zxing-android-embedded:4.3.0] AndroidManifest.xml:28:5-30:36
88        android:name="android.hardware.camera.front"
88-->[com.journeyapps:zxing-android-embedded:4.3.0] AndroidManifest.xml:29:9-53
89        android:required="false" /> <!-- TODO replace above two with next line after Android 4.2 -->
89-->[com.journeyapps:zxing-android-embedded:4.3.0] AndroidManifest.xml:30:9-33
90    <!-- <uses-feature android:name="android.hardware.camera.any"/> -->
91    <uses-feature
91-->[com.journeyapps:zxing-android-embedded:4.3.0] AndroidManifest.xml:33:5-35:36
92        android:name="android.hardware.camera.autofocus"
92-->[com.journeyapps:zxing-android-embedded:4.3.0] AndroidManifest.xml:34:9-57
93        android:required="false" />
93-->[com.journeyapps:zxing-android-embedded:4.3.0] AndroidManifest.xml:35:9-33
94    <uses-feature
94-->[com.journeyapps:zxing-android-embedded:4.3.0] AndroidManifest.xml:36:5-38:36
95        android:name="android.hardware.camera.flash"
95-->[com.journeyapps:zxing-android-embedded:4.3.0] AndroidManifest.xml:37:9-53
96        android:required="false" />
96-->[com.journeyapps:zxing-android-embedded:4.3.0] AndroidManifest.xml:38:9-33
97    <uses-feature
97-->[com.journeyapps:zxing-android-embedded:4.3.0] AndroidManifest.xml:39:5-41:36
98        android:name="android.hardware.screen.landscape"
98-->[com.journeyapps:zxing-android-embedded:4.3.0] AndroidManifest.xml:40:9-57
99        android:required="false" />
99-->[com.journeyapps:zxing-android-embedded:4.3.0] AndroidManifest.xml:41:9-33
100    <uses-feature
100-->[com.journeyapps:zxing-android-embedded:4.3.0] AndroidManifest.xml:42:5-44:36
101        android:name="android.hardware.wifi"
101-->[com.journeyapps:zxing-android-embedded:4.3.0] AndroidManifest.xml:43:9-45
102        android:required="false" />
102-->[com.journeyapps:zxing-android-embedded:4.3.0] AndroidManifest.xml:44:9-33
103
104    <application
105        android:name="android.app.Application"
106        android:appComponentFactory="androidx.core.app.CoreComponentFactory"
106-->[androidx.core:core:1.7.0] AndroidManifest.xml:24:18-86
107        android:debuggable="true"
108        android:icon="@mipmap/launcher_icon"
109        android:label="JOCOM"
110        android:supportsRtl="true"
110-->[com.facebook.android:facebook-login:13.0.0] AndroidManifest.xml:28:18-44
111        android:usesCleartextTraffic="true" >
112        <activity
113            android:name="com.jocom.jocom.MainActivity"
114            android:configChanges="orientation|keyboardHidden|keyboard|screenSize|smallestScreenSize|locale|layoutDirection|fontScale|screenLayout|density|uiMode"
115            android:exported="true"
116            android:hardwareAccelerated="true"
117            android:launchMode="singleTop"
118            android:theme="@style/LaunchTheme"
119            android:windowSoftInputMode="adjustResize" >
120
121            <!--
122                 Specifies an Android theme to apply to this Activity as soon as
123                 the Android process has started. This theme is visible to the user
124                 while the Flutter UI initializes. After that, this theme continues
125                 to determine the Window background behind the Flutter UI.
126            -->
127            <meta-data
128                android:name="io.flutter.embedding.android.NormalTheme"
129                android:resource="@style/NormalTheme" />
130
131            <intent-filter>
132                <action android:name="android.intent.action.MAIN" />
132-->[com.razorpay:checkout:1.6.15] AndroidManifest.xml:23:17-69
132-->[com.razorpay:checkout:1.6.15] AndroidManifest.xml:23:25-66
133
134                <category android:name="android.intent.category.LAUNCHER" />
135            </intent-filter>
136            <intent-filter>
137                <action android:name="FLUTTER_NOTIFICATION_CLICK" />
138
139                <category android:name="android.intent.category.DEFAULT" />
139-->[com.google.firebase:firebase-auth:21.0.1] AndroidManifest.xml:36:17-76
139-->[com.google.firebase:firebase-auth:21.0.1] AndroidManifest.xml:36:27-73
140            </intent-filter>
141
142            <meta-data
143                android:name="default-url"
144                android:value="https://jocom.jo" />
145
146            <intent-filter android:autoVerify="true" >
147                <action android:name="android.intent.action.VIEW" />
147-->[com.onesignal:OneSignal:4.6.6] AndroidManifest.xml:76:17-69
147-->[com.onesignal:OneSignal:4.6.6] AndroidManifest.xml:76:25-66
148
149                <category android:name="android.intent.category.DEFAULT" />
149-->[com.google.firebase:firebase-auth:21.0.1] AndroidManifest.xml:36:17-76
149-->[com.google.firebase:firebase-auth:21.0.1] AndroidManifest.xml:36:27-73
150                <category android:name="android.intent.category.BROWSABLE" />
150-->[com.google.firebase:firebase-auth:21.0.1] AndroidManifest.xml:37:17-78
150-->[com.google.firebase:firebase-auth:21.0.1] AndroidManifest.xml:37:27-75
151
152                <data
152-->[:file_picker] AndroidManifest.xml:13:13-44
153                    android:host="jocom.jo"
154                    android:scheme="https" />
155                <data android:scheme="http" />
155-->[:file_picker] AndroidManifest.xml:13:13-44
156            </intent-filter>
157            <intent-filter>
158                <action android:name="android.intent.action.VIEW" />
158-->[com.onesignal:OneSignal:4.6.6] AndroidManifest.xml:76:17-69
158-->[com.onesignal:OneSignal:4.6.6] AndroidManifest.xml:76:25-66
159
160                <category android:name="android.intent.category.DEFAULT" />
160-->[com.google.firebase:firebase-auth:21.0.1] AndroidManifest.xml:36:17-76
160-->[com.google.firebase:firebase-auth:21.0.1] AndroidManifest.xml:36:27-73
161                <category android:name="android.intent.category.BROWSABLE" />
161-->[com.google.firebase:firebase-auth:21.0.1] AndroidManifest.xml:37:17-78
161-->[com.google.firebase:firebase-auth:21.0.1] AndroidManifest.xml:37:27-75
162
163                <data
163-->[:file_picker] AndroidManifest.xml:13:13-44
164                    android:host="jocom.jo"
165                    android:scheme="JOCOM" />
166            </intent-filter>
167        </activity>
168
169        <meta-data
170            android:name="com.google.firebase.messaging.default_notification_channel_id"
171            android:value="@string/default_notification_channel_id" />
172        <meta-data
173            android:name="com.google.firebase.messaging.default_notification_icon"
174            android:resource="@drawable/logo" />
175        <!--
176             Set color used with incoming notification messages. This is used when no color is set for the incoming
177            notification message. See README(https://goo.gl/6BKBk7) for more.
178        -->
179        <meta-data
180            android:name="com.google.firebase.messaging.default_notification_color"
181            android:resource="@color/notiColor" />
182        <!-- Google map and Admod setup -->
183        <meta-data
184            android:name="com.google.android.geo.API_KEY"
185            android:value="@string/api_key" />
186        <meta-data
187            android:name="com.google.android.gms.ads.APPLICATION_ID"
188            android:value="@string/admob_api" />
189
190        <!-- Facebook Login configuration -->
191        <meta-data
192            android:name="com.facebook.sdk.ApplicationId"
193            android:value="@string/facebook_app_id" />
194        <meta-data
195            android:name="com.facebook.sdk.ClientToken"
196            android:value="@string/facebook_client_token" />
197
198        <activity
199            android:name="com.facebook.FacebookActivity"
200            android:configChanges="keyboard|keyboardHidden|screenLayout|screenSize|orientation"
201            android:exported="true"
202            android:label="@string/app_name"
203            android:theme="@style/com_facebook_activity_theme" />
203-->[com.facebook.android:facebook-common:13.0.0] AndroidManifest.xml:33:13-63
204        <activity
205            android:name="com.facebook.CustomTabActivity"
206            android:exported="true" >
207            <intent-filter>
208                <action android:name="android.intent.action.VIEW" />
208-->[com.onesignal:OneSignal:4.6.6] AndroidManifest.xml:76:17-69
208-->[com.onesignal:OneSignal:4.6.6] AndroidManifest.xml:76:25-66
209
210                <category android:name="android.intent.category.DEFAULT" />
210-->[com.google.firebase:firebase-auth:21.0.1] AndroidManifest.xml:36:17-76
210-->[com.google.firebase:firebase-auth:21.0.1] AndroidManifest.xml:36:27-73
211                <category android:name="android.intent.category.BROWSABLE" />
211-->[com.google.firebase:firebase-auth:21.0.1] AndroidManifest.xml:37:17-78
211-->[com.google.firebase:firebase-auth:21.0.1] AndroidManifest.xml:37:27-75
212
213                <data android:scheme="@string/fb_login_protocol_scheme" />
213-->[:file_picker] AndroidManifest.xml:13:13-44
214            </intent-filter>
215            <intent-filter>
215-->[com.facebook.android:facebook-common:13.0.0] AndroidManifest.xml:39:13-48:29
216                <action android:name="android.intent.action.VIEW" />
216-->[com.onesignal:OneSignal:4.6.6] AndroidManifest.xml:76:17-69
216-->[com.onesignal:OneSignal:4.6.6] AndroidManifest.xml:76:25-66
217
218                <category android:name="android.intent.category.DEFAULT" />
218-->[com.google.firebase:firebase-auth:21.0.1] AndroidManifest.xml:36:17-76
218-->[com.google.firebase:firebase-auth:21.0.1] AndroidManifest.xml:36:27-73
219                <category android:name="android.intent.category.BROWSABLE" />
219-->[com.google.firebase:firebase-auth:21.0.1] AndroidManifest.xml:37:17-78
219-->[com.google.firebase:firebase-auth:21.0.1] AndroidManifest.xml:37:27-75
220
221                <data
221-->[:file_picker] AndroidManifest.xml:13:13-44
222                    android:host="cct.com.jocom.jocom"
223                    android:scheme="fbconnect" />
224            </intent-filter>
225        </activity>
226
227        <!-- Enable to support Audio Feature -->
228        <!-- <service -->
229        <!-- android:name="com.ryanheise.audioservice.AudioService" -->
230        <!-- android:exported="true"> -->
231        <!-- <intent-filter> -->
232        <!-- <action android:name="android.media.browse.MediaBrowserService" /> -->
233        <!-- </intent-filter> -->
234        <!-- </service> -->
235
236
237        <!-- <receiver -->
238        <!-- android:name="com.ryanheise.audioservice.MediaButtonReceiver" -->
239        <!-- android:exported="true"> -->
240        <!-- <intent-filter> -->
241        <!-- <action android:name="android.intent.action.MEDIA_BUTTON" /> -->
242        <!-- </intent-filter> -->
243        <!-- </receiver> -->
244
245
246        <!--
247             Don't delete the meta-data below.
248             This is used by the Flutter tool to generate GeneratedPluginRegistrant.java
249        -->
250        <meta-data
251            android:name="flutterEmbedding"
252            android:value="2" />
253
254        <service
254-->[:firebase_messaging] AndroidManifest.xml:12:9-15:72
255            android:name="io.flutter.plugins.firebase.messaging.FlutterFirebaseMessagingBackgroundService"
255-->[:firebase_messaging] AndroidManifest.xml:13:13-107
256            android:exported="false"
256-->[:firebase_messaging] AndroidManifest.xml:14:13-37
257            android:permission="android.permission.BIND_JOB_SERVICE" />
257-->[:firebase_messaging] AndroidManifest.xml:15:13-69
258        <service
258-->[:firebase_messaging] AndroidManifest.xml:16:9-22:19
259            android:name="io.flutter.plugins.firebase.messaging.FlutterFirebaseMessagingService"
259-->[:firebase_messaging] AndroidManifest.xml:17:13-97
260            android:exported="false" >
260-->[:firebase_messaging] AndroidManifest.xml:18:13-37
261            <intent-filter>
261-->[:firebase_messaging] AndroidManifest.xml:19:13-21:29
262                <action android:name="com.google.firebase.MESSAGING_EVENT" />
262-->[:firebase_messaging] AndroidManifest.xml:20:17-78
262-->[:firebase_messaging] AndroidManifest.xml:20:25-75
263            </intent-filter>
264        </service>
265
266        <receiver
266-->[:firebase_messaging] AndroidManifest.xml:24:9-31:20
267            android:name="io.flutter.plugins.firebase.messaging.FlutterFirebaseMessagingReceiver"
267-->[:firebase_messaging] AndroidManifest.xml:25:13-98
268            android:exported="true"
268-->[:firebase_messaging] AndroidManifest.xml:26:13-36
269            android:permission="com.google.android.c2dm.permission.SEND" >
269-->[:firebase_messaging] AndroidManifest.xml:27:13-73
270            <intent-filter>
270-->[:firebase_messaging] AndroidManifest.xml:28:13-30:29
271                <action android:name="com.google.android.c2dm.intent.RECEIVE" />
271-->[:firebase_messaging] AndroidManifest.xml:29:17-81
271-->[:firebase_messaging] AndroidManifest.xml:29:25-78
272            </intent-filter>
273        </receiver>
274
275        <service
275-->[:firebase_messaging] AndroidManifest.xml:33:9-37:19
276            android:name="com.google.firebase.components.ComponentDiscoveryService"
276-->[:firebase_messaging] AndroidManifest.xml:33:18-89
277            android:directBootAware="true"
277-->[com.google.firebase:firebase-common:20.0.0] AndroidManifest.xml:35:13-43
278            android:exported="false" >
278-->[com.google.firebase:firebase-auth:21.0.1] AndroidManifest.xml:76:13-37
279            <meta-data
279-->[:firebase_messaging] AndroidManifest.xml:34:13-36:85
280                android:name="com.google.firebase.components:io.flutter.plugins.firebase.messaging.FlutterFirebaseAppRegistrar"
280-->[:firebase_messaging] AndroidManifest.xml:35:17-128
281                android:value="com.google.firebase.components.ComponentRegistrar" />
281-->[:firebase_messaging] AndroidManifest.xml:36:17-82
282            <meta-data
282-->[:cloud_firestore] AndroidManifest.xml:9:13-11:85
283                android:name="com.google.firebase.components:io.flutter.plugins.firebase.firestore.FlutterFirebaseFirestoreRegistrar"
283-->[:cloud_firestore] AndroidManifest.xml:10:17-134
284                android:value="com.google.firebase.components.ComponentRegistrar" />
284-->[:cloud_firestore] AndroidManifest.xml:11:17-82
285            <meta-data
285-->[:firebase_dynamic_links] AndroidManifest.xml:11:13-13:85
286                android:name="com.google.firebase.components:io.flutter.plugins.firebase.dynamiclinks.FlutterFirebaseAppRegistrar"
286-->[:firebase_dynamic_links] AndroidManifest.xml:12:17-131
287                android:value="com.google.firebase.components.ComponentRegistrar" />
287-->[:firebase_dynamic_links] AndroidManifest.xml:13:17-82
288            <meta-data
288-->[:firebase_analytics] AndroidManifest.xml:13:13-15:85
289                android:name="com.google.firebase.components:io.flutter.plugins.firebase.analytics.FlutterFirebaseAppRegistrar"
289-->[:firebase_analytics] AndroidManifest.xml:14:17-128
290                android:value="com.google.firebase.components.ComponentRegistrar" />
290-->[:firebase_analytics] AndroidManifest.xml:15:17-82
291            <meta-data
291-->[:firebase_auth] AndroidManifest.xml:9:13-11:85
292                android:name="com.google.firebase.components:io.flutter.plugins.firebase.auth.FlutterFirebaseAuthRegistrar"
292-->[:firebase_auth] AndroidManifest.xml:10:17-124
293                android:value="com.google.firebase.components.ComponentRegistrar" />
293-->[:firebase_auth] AndroidManifest.xml:11:17-82
294            <meta-data
294-->[:firebase_remote_config] AndroidManifest.xml:9:13-11:85
295                android:name="com.google.firebase.components:io.flutter.plugins.firebase.firebaseremoteconfig.FlutterFirebaseAppRegistrar"
295-->[:firebase_remote_config] AndroidManifest.xml:10:17-139
296                android:value="com.google.firebase.components.ComponentRegistrar" />
296-->[:firebase_remote_config] AndroidManifest.xml:11:17-82
297            <meta-data
297-->[:firebase_core] AndroidManifest.xml:9:13-11:85
298                android:name="com.google.firebase.components:io.flutter.plugins.firebase.core.FlutterFirebaseCoreRegistrar"
298-->[:firebase_core] AndroidManifest.xml:10:17-124
299                android:value="com.google.firebase.components.ComponentRegistrar" />
299-->[:firebase_core] AndroidManifest.xml:11:17-82
300            <meta-data
300-->[com.google.firebase:firebase-auth:21.0.1] AndroidManifest.xml:77:13-79:85
301                android:name="com.google.firebase.components:com.google.firebase.auth.FirebaseAuthRegistrar"
301-->[com.google.firebase:firebase-auth:21.0.1] AndroidManifest.xml:78:17-109
302                android:value="com.google.firebase.components.ComponentRegistrar" />
302-->[com.google.firebase:firebase-auth:21.0.1] AndroidManifest.xml:79:17-82
303            <meta-data
303-->[com.google.firebase:firebase-messaging:23.0.0] AndroidManifest.xml:52:13-54:85
304                android:name="com.google.firebase.components:com.google.firebase.messaging.FirebaseMessagingRegistrar"
304-->[com.google.firebase:firebase-messaging:23.0.0] AndroidManifest.xml:53:17-119
305                android:value="com.google.firebase.components.ComponentRegistrar" />
305-->[com.google.firebase:firebase-messaging:23.0.0] AndroidManifest.xml:54:17-82
306            <meta-data
306-->[com.google.firebase:firebase-firestore:24.0.1] AndroidManifest.xml:20:13-22:85
307                android:name="com.google.firebase.components:com.google.firebase.firestore.FirestoreRegistrar"
307-->[com.google.firebase:firebase-firestore:24.0.1] AndroidManifest.xml:21:17-111
308                android:value="com.google.firebase.components.ComponentRegistrar" />
308-->[com.google.firebase:firebase-firestore:24.0.1] AndroidManifest.xml:22:17-82
309            <meta-data
309-->[com.google.firebase:firebase-dynamic-links:21.0.0] AndroidManifest.xml:27:13-29:85
310                android:name="com.google.firebase.components:com.google.firebase.dynamiclinks.internal.FirebaseDynamicLinkRegistrar"
310-->[com.google.firebase:firebase-dynamic-links:21.0.0] AndroidManifest.xml:28:17-133
311                android:value="com.google.firebase.components.ComponentRegistrar" />
311-->[com.google.firebase:firebase-dynamic-links:21.0.0] AndroidManifest.xml:29:17-82
312            <meta-data
312-->[com.google.firebase:firebase-config:21.0.1] AndroidManifest.xml:32:13-34:85
313                android:name="com.google.firebase.components:com.google.firebase.remoteconfig.RemoteConfigRegistrar"